{"log":
 [{"message":
   ".> LEAN_PATH=/Users/richardzandi/Impossibility/.lake/packages/Cli/.lake/build/lib/lean:/Users/richardzandi/Impossibility/.lake/packages/batteries/.lake/build/lib/lean:/Users/richardzandi/Impossibility/.lake/packages/Qq/.lake/build/lib/lean:/Users/richardzandi/Impossibility/.lake/packages/aesop/.lake/build/lib/lean:/Users/richardzandi/Impossibility/.lake/packages/proofwidgets/.lake/build/lib/lean:/Users/richardzandi/Impossibility/.lake/packages/importGraph/.lake/build/lib/lean:/Users/richardzandi/Impossibility/.lake/packages/LeanSearchClient/.lake/build/lib/lean:/Users/richardzandi/Impossibility/.lake/packages/plausible/.lake/build/lib/lean:/Users/richardzandi/Impossibility/.lake/packages/mathlib/.lake/build/lib/lean:/Users/richardzandi/Impossibility/.lake/packages/godelnumbering/.lake/build/lib/lean:/Users/richardzandi/Impossibility/.lake/packages/Kleene2/.lake/build/lib/lean:/Users/richardzandi/Impossibility/.lake/build/lib/lean /Users/richardzandi/.elan/toolchains/leanprover--lean4---v4.20.0/bin/lean /Users/richardzandi/Impossibility/Impossibility/ComputableBasic.lean -R /Users/richardzandi/Impossibility -o /Users/richardzandi/Impossibility/.lake/build/lib/lean/Impossibility/ComputableBasic.olean -i /Users/richardzandi/Impossibility/.lake/build/lib/lean/Impossibility/ComputableBasic.ilean -c /Users/richardzandi/Impossibility/.lake/build/ir/Impossibility/ComputableBasic.c --json",
   "level": "trace"}],
 "inputs":
 [["Impossibility.ComputableBasic:deps",
   [["deps",
     [["Impossibility/Impossibility:extraDep",
       [["@Impossibility:extraDep", "1723"]]],
      ["import oleans",
       [["Mathlib.Data.Fintype.Basic:olean",
         [["Mathlib.Data.Fintype.Basic:deps", "6560533830482454217"],
          ["/Users/richardzandi/Impossibility/.lake/packages/mathlib/.lake/build/lib/lean/Mathlib/Data/Fintype/Basic.olean",
           "14172197325554752096"]]],
        ["Impossibility.PrimcodableBasic:olean",
         [["Impossibility.PrimcodableBasic:deps", "11355958777504476750"],
          ["/Users/richardzandi/Impossibility/.lake/build/lib/lean/Impossibility/PrimcodableBasic.olean",
           "12469267615664787360"]]],
        ["Impossibility.PreferenceCodec:olean",
         [["Impossibility.PreferenceCodec:deps", "16302187591262440954"],
          ["/Users/richardzandi/Impossibility/.lake/build/lib/lean/Impossibility/PreferenceCodec.olean",
           "13984582977512395823"]]],
        ["Impossibility.Arrow.ArrowTypes:olean",
         [["Impossibility.Arrow.ArrowTypes:deps", "3325028992515403018"],
          ["/Users/richardzandi/Impossibility/.lake/build/lib/lean/Impossibility/Arrow/ArrowTypes.olean",
           "14299938440091043764"]]]]]]],
    ["libs",
     [["import dynlibs", "1723"],
      ["package external libraries", "1723"],
      ["module dynlibs", "1723"],
      ["module plugins", "1723"]]]]],
  ["Lean 4.20.0, commit 77cfc4d1a4f6ef6651792b781eaa6676b4f3f060",
   "16311077432335102250"],
  ["Module.leanArgs: #[]", "1723"],
  ["/Users/richardzandi/Impossibility/Impossibility/ComputableBasic.lean",
   "3712716765231829509"]],
 "depHash": "13500470352296853231"}