{"log":
 [{"message":
   ".> LEAN_PATH=/Users/richardzandi/Impossibility/.lake/packages/Cli/.lake/build/lib/lean:/Users/richardzandi/Impossibility/.lake/packages/batteries/.lake/build/lib/lean:/Users/richardzandi/Impossibility/.lake/packages/Qq/.lake/build/lib/lean:/Users/richardzandi/Impossibility/.lake/packages/aesop/.lake/build/lib/lean:/Users/richardzandi/Impossibility/.lake/packages/proofwidgets/.lake/build/lib/lean:/Users/richardzandi/Impossibility/.lake/packages/importGraph/.lake/build/lib/lean:/Users/richardzandi/Impossibility/.lake/packages/LeanSearchClient/.lake/build/lib/lean:/Users/richardzandi/Impossibility/.lake/packages/plausible/.lake/build/lib/lean:/Users/richardzandi/Impossibility/.lake/packages/mathlib/.lake/build/lib/lean:/Users/richardzandi/Impossibility/.lake/packages/godelnumbering/.lake/build/lib/lean:/Users/richardzandi/Impossibility/.lake/packages/Kleene2/.lake/build/lib/lean:/Users/richardzandi/Impossibility/.lake/build/lib/lean /Users/richardzandi/.elan/toolchains/leanprover--lean4---v4.20.0/bin/lean /Users/richardzandi/Impossibility/Impossibility/PreferenceCodec.lean -R /Users/richardzandi/Impossibility -o /Users/richardzandi/Impossibility/.lake/build/lib/lean/Impossibility/PreferenceCodec.olean -i /Users/richardzandi/Impossibility/.lake/build/lib/lean/Impossibility/PreferenceCodec.ilean -c /Users/richardzandi/Impossibility/.lake/build/ir/Impossibility/PreferenceCodec.c --json",
   "level": "trace"},
  {"message":
   "/Users/richardzandi/Impossibility/Impossibility/PreferenceCodec.lean:39:0: prefMatPrim",
   "level": "info"},
  {"message":
   "/Users/richardzandi/Impossibility/Impossibility/PreferenceCodec.lean:40:0: profileMatPrim",
   "level": "info"}],
 "inputs":
 [["Impossibility.PreferenceCodec:deps",
   [["deps",
     [["Impossibility/Impossibility:extraDep",
       [["@Impossibility:extraDep", "1723"]]],
      ["import oleans",
       [["Mathlib.Data.Fintype.Basic:olean",
         [["Mathlib.Data.Fintype.Basic:deps", "6560533830482454217"],
          ["/Users/richardzandi/Impossibility/.lake/packages/mathlib/.lake/build/lib/lean/Mathlib/Data/Fintype/Basic.olean",
           "14172197325554752096"]]],
        ["Mathlib.Data.Fintype.Prod:olean",
         [["Mathlib.Data.Fintype.Prod:deps", "14910895877986808828"],
          ["/Users/richardzandi/Impossibility/.lake/packages/mathlib/.lake/build/lib/lean/Mathlib/Data/Fintype/Prod.olean",
           "15037415844113523725"]]],
        ["Mathlib.Computability.Partrec:olean",
         [["Mathlib.Computability.Partrec:deps", "15206199932306137051"],
          ["/Users/richardzandi/Impossibility/.lake/packages/mathlib/.lake/build/lib/lean/Mathlib/Computability/Partrec.olean",
           "10729924847994132739"]]],
        ["Impossibility.EncodableBasic:olean",
         [["Impossibility.EncodableBasic:deps", "10689529063684080131"],
          ["/Users/richardzandi/Impossibility/.lake/build/lib/lean/Impossibility/EncodableBasic.olean",
           "877272256939157562"]]]]]]],
    ["libs",
     [["import dynlibs", "1723"],
      ["package external libraries", "1723"],
      ["module dynlibs", "1723"],
      ["module plugins", "1723"]]]]],
  ["Lean 4.20.0, commit 77cfc4d1a4f6ef6651792b781eaa6676b4f3f060",
   "16311077432335102250"],
  ["Module.leanArgs: #[]", "1723"],
  ["/Users/richardzandi/Impossibility/Impossibility/PreferenceCodec.lean",
   "10371024563673556698"]],
 "depHash": "2561873100581843931"}