{"log":
 [{"message":
   ".> LEAN_PATH=/Users/richardzandi/Impossibility/.lake/packages/Cli/.lake/build/lib/lean:/Users/richardzandi/Impossibility/.lake/packages/batteries/.lake/build/lib/lean:/Users/richardzandi/Impossibility/.lake/packages/Qq/.lake/build/lib/lean:/Users/richardzandi/Impossibility/.lake/packages/aesop/.lake/build/lib/lean:/Users/richardzandi/Impossibility/.lake/packages/proofwidgets/.lake/build/lib/lean:/Users/richardzandi/Impossibility/.lake/packages/importGraph/.lake/build/lib/lean:/Users/richardzandi/Impossibility/.lake/packages/LeanSearchClient/.lake/build/lib/lean:/Users/richardzandi/Impossibility/.lake/packages/plausible/.lake/build/lib/lean:/Users/richardzandi/Impossibility/.lake/packages/mathlib/.lake/build/lib/lean:/Users/richardzandi/Impossibility/.lake/packages/godelnumbering/.lake/build/lib/lean:/Users/richardzandi/Impossibility/.lake/packages/Kleene2/.lake/build/lib/lean:/Users/richardzandi/Impossibility/.lake/build/lib/lean /Users/richardzandi/.elan/toolchains/leanprover--lean4---v4.20.0/bin/lean /Users/richardzandi/Impossibility/Impossibility/PrimcodableBasic.lean -R /Users/richardzandi/Impossibility -o /Users/richardzandi/Impossibility/.lake/build/lib/lean/Impossibility/PrimcodableBasic.olean -i /Users/richardzandi/Impossibility/.lake/build/lib/lean/Impossibility/PrimcodableBasic.ilean -c /Users/richardzandi/Impossibility/.lake/build/ir/Impossibility/PrimcodableBasic.c --json",
   "level": "trace"},
  {"message":
   "/Users/richardzandi/Impossibility/Impossibility/PrimcodableBasic.lean:25:2: try 'simp' instead of 'simpa'\nnote: this linter can be disabled with `set_option linter.unnecessarySimpa false`",
   "level": "warning"},
  {"message":
   "/Users/richardzandi/Impossibility/Impossibility/PrimcodableBasic.lean:28:2: try 'simp' instead of 'simpa'\nnote: this linter can be disabled with `set_option linter.unnecessarySimpa false`",
   "level": "warning"},
  {"message":
   "/Users/richardzandi/Impossibility/Impossibility/PrimcodableBasic.lean:139:8: try 'simp' instead of 'simpa'\nnote: this linter can be disabled with `set_option linter.unnecessarySimpa false`",
   "level": "warning"},
  {"message":
   "/Users/richardzandi/Impossibility/Impossibility/PrimcodableBasic.lean:167:12: try 'simp' instead of 'simpa'\nnote: this linter can be disabled with `set_option linter.unnecessarySimpa false`",
   "level": "warning"},
  {"message":
   "/Users/richardzandi/Impossibility/Impossibility/PrimcodableBasic.lean:194:2: try 'simp' instead of 'simpa'\nnote: this linter can be disabled with `set_option linter.unnecessarySimpa false`",
   "level": "warning"},
  {"message":
   "/Users/richardzandi/Impossibility/Impossibility/PrimcodableBasic.lean:250:4: try 'simp' instead of 'simpa'\nnote: this linter can be disabled with `set_option linter.unnecessarySimpa false`",
   "level": "warning"},
  {"message":
   "/Users/richardzandi/Impossibility/Impossibility/PrimcodableBasic.lean:269:6: try 'simp' instead of 'simpa'\nnote: this linter can be disabled with `set_option linter.unnecessarySimpa false`",
   "level": "warning"},
  {"message":
   "/Users/richardzandi/Impossibility/Impossibility/PrimcodableBasic.lean:301:4: try 'simp' instead of 'simpa'\nnote: this linter can be disabled with `set_option linter.unnecessarySimpa false`",
   "level": "warning"}],
 "inputs":
 [["Impossibility.PrimcodableBasic:deps",
   [["deps",
     [["Impossibility/Impossibility:extraDep",
       [["@Impossibility:extraDep", "1723"]]],
      ["import oleans",
       [["Mathlib.Data.Fintype.Basic:olean",
         [["Mathlib.Data.Fintype.Basic:deps", "6560533830482454217"],
          ["/Users/richardzandi/Impossibility/.lake/packages/mathlib/.lake/build/lib/lean/Mathlib/Data/Fintype/Basic.olean",
           "14172197325554752096"]]],
        ["Mathlib.Tactic.FinCases:olean",
         [["Mathlib.Tactic.FinCases:deps", "5212504834969355894"],
          ["/Users/richardzandi/Impossibility/.lake/packages/mathlib/.lake/build/lib/lean/Mathlib/Tactic/FinCases.olean",
           "13968968894442251546"]]],
        ["Mathlib.Data.Fintype.Prod:olean",
         [["Mathlib.Data.Fintype.Prod:deps", "14910895877986808828"],
          ["/Users/richardzandi/Impossibility/.lake/packages/mathlib/.lake/build/lib/lean/Mathlib/Data/Fintype/Prod.olean",
           "15037415844113523725"]]],
        ["Mathlib.Data.Nat.Pairing:olean",
         [["Mathlib.Data.Nat.Pairing:deps", "12594177570103216149"],
          ["/Users/richardzandi/Impossibility/.lake/packages/mathlib/.lake/build/lib/lean/Mathlib/Data/Nat/Pairing.olean",
           "10281205536376970938"]]],
        ["Mathlib.Tactic:olean",
         [["Mathlib.Tactic:deps", "12341386301006020440"],
          ["/Users/richardzandi/Impossibility/.lake/packages/mathlib/.lake/build/lib/lean/Mathlib/Tactic.olean",
           "2623972052971590783"]]],
        ["Mathlib.Computability.Partrec:olean",
         [["Mathlib.Computability.Partrec:deps", "15206199932306137051"],
          ["/Users/richardzandi/Impossibility/.lake/packages/mathlib/.lake/build/lib/lean/Mathlib/Computability/Partrec.olean",
           "10729924847994132739"]]],
        ["Mathlib.Order.RelClasses:olean",
         [["Mathlib.Order.RelClasses:deps", "10135337306544705850"],
          ["/Users/richardzandi/Impossibility/.lake/packages/mathlib/.lake/build/lib/lean/Mathlib/Order/RelClasses.olean",
           "3469703021079780355"]]]]]]],
    ["libs",
     [["import dynlibs", "1723"],
      ["package external libraries", "1723"],
      ["module dynlibs", "1723"],
      ["module plugins", "1723"]]]]],
  ["Lean 4.20.0, commit 77cfc4d1a4f6ef6651792b781eaa6676b4f3f060",
   "16311077432335102250"],
  ["Module.leanArgs: #[]", "1723"],
  ["/Users/richardzandi/Impossibility/Impossibility/PrimcodableBasic.lean",
   "2616574280705836166"]],
 "depHash": "1302174857477895932"}