{"log":
 [{"message":
   ".> LEAN_PATH=/Users/richardzandi/Impossibility/.lake/packages/Cli/.lake/build/lib/lean:/Users/richardzandi/Impossibility/.lake/packages/batteries/.lake/build/lib/lean:/Users/richardzandi/Impossibility/.lake/packages/Qq/.lake/build/lib/lean:/Users/richardzandi/Impossibility/.lake/packages/aesop/.lake/build/lib/lean:/Users/richardzandi/Impossibility/.lake/packages/proofwidgets/.lake/build/lib/lean:/Users/richardzandi/Impossibility/.lake/packages/importGraph/.lake/build/lib/lean:/Users/richardzandi/Impossibility/.lake/packages/LeanSearchClient/.lake/build/lib/lean:/Users/richardzandi/Impossibility/.lake/packages/plausible/.lake/build/lib/lean:/Users/richardzandi/Impossibility/.lake/packages/mathlib/.lake/build/lib/lean:/Users/richardzandi/Impossibility/.lake/packages/godelnumbering/.lake/build/lib/lean:/Users/richardzandi/Impossibility/.lake/packages/Kleene2/.lake/build/lib/lean:/Users/richardzandi/Impossibility/.lake/build/lib/lean /Users/richardzandi/.elan/toolchains/leanprover--lean4---v4.20.0/bin/lean /Users/richardzandi/Impossibility/Impossibility/Arrow/ArrowHelper.lean -R /Users/richardzandi/Impossibility -o /Users/richardzandi/Impossibility/.lake/build/lib/lean/Impossibility/Arrow/ArrowHelper.olean -i /Users/richardzandi/Impossibility/.lake/build/lib/lean/Impossibility/Arrow/ArrowHelper.ilean -c /Users/richardzandi/Impossibility/.lake/build/ir/Impossibility/Arrow/ArrowHelper.c --json",
   "level": "trace"},
  {"message":
   "/Users/richardzandi/Impossibility/Impossibility/Arrow/ArrowHelper.lean:43:5: unused variable `f`\nnote: this linter can be disabled with `set_option linter.unusedVariables false`",
   "level": "warning"},
  {"message":
   "/Users/richardzandi/Impossibility/Impossibility/Arrow/ArrowHelper.lean:53:3: unused variable `hf`\nnote: this linter can be disabled with `set_option linter.unusedVariables false`",
   "level": "warning"},
  {"message":
   "/Users/richardzandi/Impossibility/Impossibility/Arrow/ArrowHelper.lean:142:3: `List.bind` has been deprecated: use `List.flatMap` instead",
   "level": "warning"},
  {"message":
   "/Users/richardzandi/Impossibility/Impossibility/Arrow/ArrowHelper.lean:183:5: unused variable `h`\nnote: this linter can be disabled with `set_option linter.unusedVariables false`",
   "level": "warning"},
  {"message":
   "/Users/richardzandi/Impossibility/Impossibility/Arrow/ArrowHelper.lean:229:0: automatically included section variable(s) unused in theorem 'ArrowHelper.P_constPref_left':\n  [DecidableEq σ]\nconsider restructuring your `variable` declarations so that the variables are not in scope or explicitly omit them:\n  omit [DecidableEq σ] in theorem ...\nnote: this linter can be disabled with `set_option linter.unusedSectionVars false`",
   "level": "warning"},
  {"message":
   "/Users/richardzandi/Impossibility/Impossibility/Arrow/ArrowHelper.lean:237:0: automatically included section variable(s) unused in theorem 'ArrowHelper.P_constPref_right':\n  [DecidableEq σ]\nconsider restructuring your `variable` declarations so that the variables are not in scope or explicitly omit them:\n  omit [DecidableEq σ] in theorem ...\nnote: this linter can be disabled with `set_option linter.unusedSectionVars false`",
   "level": "warning"},
  {"message":
   "/Users/richardzandi/Impossibility/Impossibility/Arrow/ArrowHelper.lean:237:51: unused variable `hxy`\nnote: this linter can be disabled with `set_option linter.unusedVariables false`",
   "level": "warning"}],
 "inputs":
 [["Impossibility.Arrow.ArrowHelper:deps",
   [["deps",
     [["Impossibility/Impossibility:extraDep",
       [["@Impossibility:extraDep", "1723"]]],
      ["import oleans",
       [["Impossibility.Arrow.ArrowTypes:olean",
         [["Impossibility.Arrow.ArrowTypes:deps", "12036655847395680669"],
          ["/Users/richardzandi/Impossibility/.lake/build/lib/lean/Impossibility/Arrow/ArrowTypes.olean",
           "16991968605033702153"]]],
        ["Mathlib.Data.Finset.Basic:olean",
         [["Mathlib.Data.Finset.Basic:deps", "412641705455185827"],
          ["/Users/richardzandi/Impossibility/.lake/packages/mathlib/.lake/build/lib/lean/Mathlib/Data/Finset/Basic.olean",
           "10790584821528555652"]]],
        ["Mathlib.Data.Finset.Card:olean",
         [["Mathlib.Data.Finset.Card:deps", "2143107968099640284"],
          ["/Users/richardzandi/Impossibility/.lake/packages/mathlib/.lake/build/lib/lean/Mathlib/Data/Finset/Card.olean",
           "14424725115193319031"]]],
        ["Mathlib.Tactic:olean",
         [["Mathlib.Tactic:deps", "12341386301006020440"],
          ["/Users/richardzandi/Impossibility/.lake/packages/mathlib/.lake/build/lib/lean/Mathlib/Tactic.olean",
           "2623972052971590783"]]],
        ["Godelnumbering.Godel:olean",
         [["Godelnumbering.Godel:deps", "8170280542398045373"],
          ["/Users/richardzandi/Impossibility/.lake/packages/godelnumbering/.lake/build/lib/lean/Godelnumbering/Godel.olean",
           "7728924750064277451"]]],
        ["Mathlib.Data.Bool.Basic:olean",
         [["Mathlib.Data.Bool.Basic:deps", "705030180648738486"],
          ["/Users/richardzandi/Impossibility/.lake/packages/mathlib/.lake/build/lib/lean/Mathlib/Data/Bool/Basic.olean",
           "8605534428697544352"]]],
        ["Mathlib.Computability.PartrecCode:olean",
         [["Mathlib.Computability.PartrecCode:deps", "11606261439754175653"],
          ["/Users/richardzandi/Impossibility/.lake/packages/mathlib/.lake/build/lib/lean/Mathlib/Computability/PartrecCode.olean",
           "14567505937562371066"]]]]]]],
    ["libs",
     [["import dynlibs", "1723"],
      ["package external libraries", "1723"],
      ["module dynlibs", "1723"],
      ["module plugins", "1723"]]]]],
  ["Lean 4.20.0, commit 77cfc4d1a4f6ef6651792b781eaa6676b4f3f060",
   "16311077432335102250"],
  ["Module.leanArgs: #[]", "1723"],
  ["/Users/richardzandi/Impossibility/Impossibility/Arrow/ArrowHelper.lean",
   "8720382358827967337"]],
 "depHash": "18395950437715351855"}