{"log":
 [{"message":
   ".> LEAN_PATH=/Users/richardzandi/Impossibility/.lake/packages/Cli/.lake/build/lib/lean:/Users/richardzandi/Impossibility/.lake/packages/batteries/.lake/build/lib/lean:/Users/richardzandi/Impossibility/.lake/packages/Qq/.lake/build/lib/lean:/Users/richardzandi/Impossibility/.lake/packages/aesop/.lake/build/lib/lean:/Users/richardzandi/Impossibility/.lake/packages/proofwidgets/.lake/build/lib/lean:/Users/richardzandi/Impossibility/.lake/packages/importGraph/.lake/build/lib/lean:/Users/richardzandi/Impossibility/.lake/packages/LeanSearchClient/.lake/build/lib/lean:/Users/richardzandi/Impossibility/.lake/packages/plausible/.lake/build/lib/lean:/Users/richardzandi/Impossibility/.lake/packages/mathlib/.lake/build/lib/lean:/Users/richardzandi/Impossibility/.lake/packages/godelnumbering/.lake/build/lib/lean:/Users/richardzandi/Impossibility/.lake/packages/Kleene2/.lake/build/lib/lean:/Users/richardzandi/Impossibility/.lake/build/lib/lean /Users/richardzandi/.elan/toolchains/leanprover--lean4---v4.20.0/bin/lean /Users/richardzandi/Impossibility/Impossibility/Arrow/ArrowProof.lean -R /Users/richardzandi/Impossibility -o /Users/richardzandi/Impossibility/.lake/build/lib/lean/Impossibility/Arrow/ArrowProof.olean -i /Users/richardzandi/Impossibility/.lake/build/lib/lean/Impossibility/Arrow/ArrowProof.ilean -c /Users/richardzandi/Impossibility/.lake/build/ir/Impossibility/Arrow/ArrowProof.c --json",
   "level": "trace"},
  {"message":
   "/Users/richardzandi/Impossibility/Impossibility/Arrow/ArrowProof.lean:31:8: automatically included section variable(s) unused in theorem '_private.Impossibility.Arrow.ArrowProof.0.flipRel_strictTotal':\n  [Fintype A]\n  [DecidableEq A]\nconsider restructuring your `variable` declarations so that the variables are not in scope or explicitly omit them:\n  omit [Fintype A] [DecidableEq A] in theorem ...\nnote: this linter can be disabled with `set_option linter.unusedSectionVars false`",
   "level": "warning"},
  {"message":
   "/Users/richardzandi/Impossibility/Impossibility/Arrow/ArrowProof.lean:78:4: try 'simp' instead of 'simpa'\nnote: this linter can be disabled with `set_option linter.unnecessarySimpa false`",
   "level": "warning"},
  {"message":
   "/Users/richardzandi/Impossibility/Impossibility/Arrow/ArrowProof.lean:119:14: unused variable `h`\nnote: this linter can be disabled with `set_option linter.unusedVariables false`",
   "level": "warning"},
  {"message":
   "/Users/richardzandi/Impossibility/Impossibility/Arrow/ArrowProof.lean:122:0: automatically included section variable(s) unused in theorem 'length_enum':\n  [DecidableEq α]\nconsider restructuring your `variable` declarations so that the variables are not in scope or explicitly omit them:\n  omit [DecidableEq α] in theorem ...\nnote: this linter can be disabled with `set_option linter.unusedSectionVars false`",
   "level": "warning"},
  {"message":
   "/Users/richardzandi/Impossibility/Impossibility/Arrow/ArrowProof.lean:132:6: try 'simp' instead of 'simpa'\nnote: this linter can be disabled with `set_option linter.unnecessarySimpa false`",
   "level": "warning"}],
 "inputs":
 [["Impossibility.Arrow.ArrowProof:deps",
   [["deps",
     [["Impossibility/Impossibility:extraDep",
       [["@Impossibility:extraDep", "1723"]]],
      ["import oleans",
       [["Impossibility.Arrow.ArrowTypes:olean",
         [["Impossibility.Arrow.ArrowTypes:deps", "16599576644605132595"],
          ["/Users/richardzandi/Impossibility/.lake/build/lib/lean/Impossibility/Arrow/ArrowTypes.olean",
           "12033059934188204810"]]],
        ["Impossibility.Arrow.ArrowAxioms:olean",
         [["Impossibility.Arrow.ArrowAxioms:deps", "1207406481195252831"],
          ["/Users/richardzandi/Impossibility/.lake/build/lib/lean/Impossibility/Arrow/ArrowAxioms.olean",
           "3485301038538390291"]]],
        ["Mathlib.Data.List.Basic:olean",
         [["Mathlib.Data.List.Basic:deps", "3466748254166578585"],
          ["/Users/richardzandi/Impossibility/.lake/packages/mathlib/.lake/build/lib/lean/Mathlib/Data/List/Basic.olean",
           "7132837854076817041"]]]]]]],
    ["libs",
     [["import dynlibs", "1723"],
      ["package external libraries", "1723"],
      ["module dynlibs", "1723"],
      ["module plugins", "1723"]]]]],
  ["Lean 4.20.0, commit 77cfc4d1a4f6ef6651792b781eaa6676b4f3f060",
   "16311077432335102250"],
  ["Module.leanArgs: #[]", "1723"],
  ["/Users/richardzandi/Impossibility/Impossibility/Arrow/ArrowProof.lean",
   "18198588087292116287"]],
 "depHash": "2631999432521830144"}