{"log":
 [{"message":
   ".> LEAN_PATH=/Users/richardzandi/Impossibility/.lake/packages/Cli/.lake/build/lib/lean:/Users/richardzandi/Impossibility/.lake/packages/batteries/.lake/build/lib/lean:/Users/richardzandi/Impossibility/.lake/packages/Qq/.lake/build/lib/lean:/Users/richardzandi/Impossibility/.lake/packages/aesop/.lake/build/lib/lean:/Users/richardzandi/Impossibility/.lake/packages/proofwidgets/.lake/build/lib/lean:/Users/richardzandi/Impossibility/.lake/packages/importGraph/.lake/build/lib/lean:/Users/richardzandi/Impossibility/.lake/packages/LeanSearchClient/.lake/build/lib/lean:/Users/richardzandi/Impossibility/.lake/packages/plausible/.lake/build/lib/lean:/Users/richardzandi/Impossibility/.lake/packages/mathlib/.lake/build/lib/lean:/Users/richardzandi/Impossibility/.lake/packages/godelnumbering/.lake/build/lib/lean:/Users/richardzandi/Impossibility/.lake/packages/Kleene2/.lake/build/lib/lean:/Users/richardzandi/Impossibility/.lake/build/lib/lean /Users/richardzandi/.elan/toolchains/leanprover--lean4---v4.20.0/bin/lean /Users/richardzandi/Impossibility/Impossibility/Totality/TotalityUCI.lean -R /Users/richardzandi/Impossibility -o /Users/richardzandi/Impossibility/.lake/build/lib/lean/Impossibility/Totality/TotalityUCI.olean -i /Users/richardzandi/Impossibility/.lake/build/lib/lean/Impossibility/Totality/TotalityUCI.ilean -c /Users/richardzandi/Impossibility/.lake/build/ir/Impossibility/Totality/TotalityUCI.c --json",
   "level": "trace"},
  {"message":
   "/Users/richardzandi/Impossibility/Impossibility/Totality/TotalityUCI.lean:64:4: try 'simp' instead of 'simpa'\nnote: this linter can be disabled with `set_option linter.unnecessarySimpa false`",
   "level": "warning"},
  {"message":
   "/Users/richardzandi/Impossibility/Impossibility/Totality/TotalityUCI.lean:76:46: try 'simp' instead of 'simpa'\nnote: this linter can be disabled with `set_option linter.unnecessarySimpa false`",
   "level": "warning"},
  {"message":
   "/Users/richardzandi/Impossibility/Impossibility/Totality/TotalityUCI.lean:76:46: try 'simp at b₂t' instead of 'simpa using b₂t'\nnote: this linter can be disabled with `set_option linter.unnecessarySimpa false`",
   "level": "warning"},
  {"message":
   "/Users/richardzandi/Impossibility/Impossibility/Totality/TotalityUCI.lean:77:4: try 'simp' instead of 'simpa'\nnote: this linter can be disabled with `set_option linter.unnecessarySimpa false`",
   "level": "warning"},
  {"message":
   "/Users/richardzandi/Impossibility/Impossibility/Totality/TotalityUCI.lean:90:15: try 'simp' instead of 'simpa'\nnote: this linter can be disabled with `set_option linter.unnecessarySimpa false`",
   "level": "warning"},
  {"message":
   "/Users/richardzandi/Impossibility/Impossibility/Totality/TotalityUCI.lean:119:13: try 'simp' instead of 'simpa'\nnote: this linter can be disabled with `set_option linter.unnecessarySimpa false`",
   "level": "warning"}],
 "inputs":
 [["Impossibility.Totality.TotalityUCI:deps",
   [["deps",
     [["Impossibility/Impossibility:extraDep",
       [["@Impossibility:extraDep", "1723"]]],
      ["import oleans",
       [["Impossibility.UCICoreTest:olean",
         [["Impossibility.UCICoreTest:deps", "7131026792241968070"],
          ["/Users/richardzandi/Impossibility/.lake/build/lib/lean/Impossibility/UCICoreTest.olean",
           "4567674459377586587"]]],
        ["Impossibility.Halting.HaltingUCI:olean",
         [["Impossibility.Halting.HaltingUCI:deps", "11589546687007340736"],
          ["/Users/richardzandi/Impossibility/.lake/build/lib/lean/Impossibility/Halting/HaltingUCI.olean",
           "6437881500427768671"]]],
        ["Impossibility.EvolutionInstance:olean",
         [["Impossibility.EvolutionInstance:deps", "14161941701996809787"],
          ["/Users/richardzandi/Impossibility/.lake/build/lib/lean/Impossibility/EvolutionInstance.olean",
           "3979323936087329610"]]],
        ["Mathlib.Computability.PartrecCode:olean",
         [["Mathlib.Computability.PartrecCode:deps", "896383515981907075"],
          ["/Users/richardzandi/Impossibility/.lake/packages/mathlib/.lake/build/lib/lean/Mathlib/Computability/PartrecCode.olean",
           "7766753750473371895"]]],
        ["Mathlib.Data.Bool.Basic:olean",
         [["Mathlib.Data.Bool.Basic:deps", "705030180648738486"],
          ["/Users/richardzandi/Impossibility/.lake/packages/mathlib/.lake/build/lib/lean/Mathlib/Data/Bool/Basic.olean",
           "8605534428697544352"]]],
        ["Godelnumbering.Transport:olean",
         [["Godelnumbering.Transport:deps", "11182129775702798284"],
          ["/Users/richardzandi/Impossibility/.lake/packages/godelnumbering/.lake/build/lib/lean/Godelnumbering/Transport.olean",
           "1195076510649732858"]]],
        ["Godelnumbering.Godel:olean",
         [["Godelnumbering.Godel:deps", "15065918860613759047"],
          ["/Users/richardzandi/Impossibility/.lake/packages/godelnumbering/.lake/build/lib/lean/Godelnumbering/Godel.olean",
           "7728924750064277451"]]],
        ["Godelnumbering.Instances:olean",
         [["Godelnumbering.Instances:deps", "12480867122643209523"],
          ["/Users/richardzandi/Impossibility/.lake/packages/godelnumbering/.lake/build/lib/lean/Godelnumbering/Instances.olean",
           "5243175195808167372"]]],
        ["Kleene2.KleeneFix:olean",
         [["Kleene2.KleeneFix:deps", "16591861198367228144"],
          ["/Users/richardzandi/Impossibility/.lake/packages/Kleene2/.lake/build/lib/lean/Kleene2/KleeneFix.olean",
           "10223511334262028492"]]]]]]],
    ["libs",
     [["import dynlibs", "1723"],
      ["package external libraries", "1723"],
      ["module dynlibs", "1723"],
      ["module plugins", "1723"]]]]],
  ["Lean 4.20.0, commit 77cfc4d1a4f6ef6651792b781eaa6676b4f3f060",
   "16311077432335102250"],
  ["Module.leanArgs: #[]", "1723"],
  ["/Users/richardzandi/Impossibility/Impossibility/Totality/TotalityUCI.lean",
   "13637805944002093066"]],
 "depHash": "8830675575136670975"}