{"log":
 [{"message":
   ".> LEAN_PATH=/Users/richardzandi/Impossibility/.lake/packages/Cli/.lake/build/lib/lean:/Users/richardzandi/Impossibility/.lake/packages/batteries/.lake/build/lib/lean:/Users/richardzandi/Impossibility/.lake/packages/Qq/.lake/build/lib/lean:/Users/richardzandi/Impossibility/.lake/packages/aesop/.lake/build/lib/lean:/Users/richardzandi/Impossibility/.lake/packages/proofwidgets/.lake/build/lib/lean:/Users/richardzandi/Impossibility/.lake/packages/importGraph/.lake/build/lib/lean:/Users/richardzandi/Impossibility/.lake/packages/LeanSearchClient/.lake/build/lib/lean:/Users/richardzandi/Impossibility/.lake/packages/plausible/.lake/build/lib/lean:/Users/richardzandi/Impossibility/.lake/packages/mathlib/.lake/build/lib/lean:/Users/richardzandi/Impossibility/.lake/packages/godelnumbering/.lake/build/lib/lean:/Users/richardzandi/Impossibility/.lake/packages/Kleene2/.lake/build/lib/lean:/Users/richardzandi/Impossibility/.lake/packages/UCI/.lake/build/lib/lean:/Users/richardzandi/Impossibility/.lake/build/lib/lean /Users/richardzandi/.elan/toolchains/leanprover--lean4---v4.20.0/bin/lean /Users/richardzandi/Impossibility/Impossibility/CatAndTail/CatTailUCI.lean -R /Users/richardzandi/Impossibility -o /Users/richardzandi/Impossibility/.lake/build/lib/lean/Impossibility/CatAndTail/CatTailUCI.olean -i /Users/richardzandi/Impossibility/.lake/build/lib/lean/Impossibility/CatAndTail/CatTailUCI.ilean -c /Users/richardzandi/Impossibility/.lake/build/ir/Impossibility/CatAndTail/CatTailUCI.c --json",
   "level": "trace"},
  {"message":
   "/Users/richardzandi/Impossibility/Impossibility/CatAndTail/CatTailUCI.lean:71:8: unused variable `π`\nnote: this linter can be disabled with `set_option linter.unusedVariables false`",
   "level": "warning"}],
 "inputs":
 [["Impossibility.CatAndTail.CatTailUCI:deps",
   [["deps",
     [["Impossibility/Impossibility:extraDep",
       [["@Impossibility:extraDep", "1723"]]],
      ["import oleans",
       [["Mathlib.Computability.Primrec:olean",
         [["Mathlib.Computability.Primrec:deps", "15005026726680477970"],
          ["/Users/richardzandi/Impossibility/.lake/packages/mathlib/.lake/build/lib/lean/Mathlib/Computability/Primrec.olean",
           "3549641494788880141"]]],
        ["Mathlib.Computability.PartrecCode:olean",
         [["Mathlib.Computability.PartrecCode:deps", "11606261439754175653"],
          ["/Users/richardzandi/Impossibility/.lake/packages/mathlib/.lake/build/lib/lean/Mathlib/Computability/PartrecCode.olean",
           "14567505937562371066"]]],
        ["Mathlib.Data.Bool.Basic:olean",
         [["Mathlib.Data.Bool.Basic:deps", "705030180648738486"],
          ["/Users/richardzandi/Impossibility/.lake/packages/mathlib/.lake/build/lib/lean/Mathlib/Data/Bool/Basic.olean",
           "8605534428697544352"]]],
        ["Godelnumbering.Godel:olean",
         [["Godelnumbering.Godel:deps", "8170280542398045373"],
          ["/Users/richardzandi/Impossibility/.lake/packages/godelnumbering/.lake/build/lib/lean/Godelnumbering/Godel.olean",
           "7728924750064277451"]]],
        ["Godelnumbering.Instances:olean",
         [["Godelnumbering.Instances:deps", "6370329768242327016"],
          ["/Users/richardzandi/Impossibility/.lake/packages/godelnumbering/.lake/build/lib/lean/Godelnumbering/Instances.olean",
           "5243175195808167372"]]],
        ["Impossibility.Evolution:olean",
         [["Impossibility.Evolution:deps", "13775036624050319551"],
          ["/Users/richardzandi/Impossibility/.lake/build/lib/lean/Impossibility/Evolution.olean",
           "5793157259125889179"]]],
        ["Impossibility.CatAndTail.CatTailWitness:olean",
         [["Impossibility.CatAndTail.CatTailWitness:deps",
           "8506104013523681680"],
          ["/Users/richardzandi/Impossibility/.lake/build/lib/lean/Impossibility/CatAndTail/CatTailWitness.olean",
           "13392772285214148504"]]],
        ["UCI.UCICore:olean",
         [["UCI.UCICore:deps", "17910292096861591332"],
          ["/Users/richardzandi/Impossibility/.lake/packages/UCI/.lake/build/lib/lean/UCI/UCICore.olean",
           "17778821779233850707"]]]]]]],
    ["libs",
     [["import dynlibs", "1723"],
      ["package external libraries", "1723"],
      ["module dynlibs", "1723"],
      ["module plugins", "1723"]]]]],
  ["Lean 4.20.0, commit 77cfc4d1a4f6ef6651792b781eaa6676b4f3f060",
   "16311077432335102250"],
  ["Module.leanArgs: #[]", "1723"],
  ["/Users/richardzandi/Impossibility/Impossibility/CatAndTail/CatTailUCI.lean",
   "9025161085564616014"]],
 "depHash": "9497470270937463034"}