{"log":
 [{"message":
   ".> LEAN_PATH=/Users/richardzandi/Impossibility/.lake/packages/Cli/.lake/build/lib/lean:/Users/richardzandi/Impossibility/.lake/packages/batteries/.lake/build/lib/lean:/Users/richardzandi/Impossibility/.lake/packages/Qq/.lake/build/lib/lean:/Users/richardzandi/Impossibility/.lake/packages/aesop/.lake/build/lib/lean:/Users/richardzandi/Impossibility/.lake/packages/proofwidgets/.lake/build/lib/lean:/Users/richardzandi/Impossibility/.lake/packages/importGraph/.lake/build/lib/lean:/Users/richardzandi/Impossibility/.lake/packages/LeanSearchClient/.lake/build/lib/lean:/Users/richardzandi/Impossibility/.lake/packages/plausible/.lake/build/lib/lean:/Users/richardzandi/Impossibility/.lake/packages/mathlib/.lake/build/lib/lean:/Users/richardzandi/Impossibility/.lake/packages/godelnumbering/.lake/build/lib/lean:/Users/richardzandi/Impossibility/.lake/packages/Kleene2/.lake/build/lib/lean:/Users/richardzandi/Impossibility/.lake/packages/UCI/.lake/build/lib/lean:/Users/richardzandi/Impossibility/.lake/build/lib/lean /Users/richardzandi/.elan/toolchains/leanprover--lean4---v4.20.0/bin/lean /Users/richardzandi/Impossibility/Impossibility/CatAndTail/CatTailWitness.lean -R /Users/richardzandi/Impossibility -o /Users/richardzandi/Impossibility/.lake/build/lib/lean/Impossibility/CatAndTail/CatTailWitness.olean -i /Users/richardzandi/Impossibility/.lake/build/lib/lean/Impossibility/CatAndTail/CatTailWitness.ilean -c /Users/richardzandi/Impossibility/.lake/build/ir/Impossibility/CatAndTail/CatTailWitness.c --json",
   "level": "trace"}],
 "inputs":
 [["Impossibility.CatAndTail.CatTailWitness:deps",
   [["deps",
     [["Impossibility/Impossibility:extraDep",
       [["@Impossibility:extraDep", "1723"]]],
      ["import oleans",
       [["Impossibility.Evolution:olean",
         [["Impossibility.Evolution:deps", "13775036624050319551"],
          ["/Users/richardzandi/Impossibility/.lake/build/lib/lean/Impossibility/Evolution.olean",
           "5793157259125889179"]]],
        ["Mathlib.Computability.PartrecCode:olean",
         [["Mathlib.Computability.PartrecCode:deps", "11606261439754175653"],
          ["/Users/richardzandi/Impossibility/.lake/packages/mathlib/.lake/build/lib/lean/Mathlib/Computability/PartrecCode.olean",
           "14567505937562371066"]]],
        ["Mathlib.Logic.Encodable.Basic:olean",
         [["Mathlib.Logic.Encodable.Basic:deps", "6166027375252015183"],
          ["/Users/richardzandi/Impossibility/.lake/packages/mathlib/.lake/build/lib/lean/Mathlib/Logic/Encodable/Basic.olean",
           "7053102986929655830"]]]]]]],
    ["libs",
     [["import dynlibs", "1723"],
      ["package external libraries", "1723"],
      ["module dynlibs", "1723"],
      ["module plugins", "1723"]]]]],
  ["Lean 4.20.0, commit 77cfc4d1a4f6ef6651792b781eaa6676b4f3f060",
   "16311077432335102250"],
  ["Module.leanArgs: #[]", "1723"],
  ["/Users/richardzandi/Impossibility/Impossibility/CatAndTail/CatTailWitness.lean",
   "16019218015251361082"]],
 "depHash": "259095215723056216"}