{"log":
 [{"message":
   ".> LEAN_PATH=/Users/richardzandi/Impossibility/.lake/packages/Cli/.lake/build/lib/lean:/Users/richardzandi/Impossibility/.lake/packages/batteries/.lake/build/lib/lean:/Users/richardzandi/Impossibility/.lake/packages/Qq/.lake/build/lib/lean:/Users/richardzandi/Impossibility/.lake/packages/aesop/.lake/build/lib/lean:/Users/richardzandi/Impossibility/.lake/packages/proofwidgets/.lake/build/lib/lean:/Users/richardzandi/Impossibility/.lake/packages/importGraph/.lake/build/lib/lean:/Users/richardzandi/Impossibility/.lake/packages/LeanSearchClient/.lake/build/lib/lean:/Users/richardzandi/Impossibility/.lake/packages/plausible/.lake/build/lib/lean:/Users/richardzandi/Impossibility/.lake/packages/mathlib/.lake/build/lib/lean:/Users/richardzandi/Impossibility/.lake/packages/godelnumbering/.lake/build/lib/lean:/Users/richardzandi/Impossibility/.lake/packages/Kleene2/.lake/build/lib/lean:/Users/richardzandi/Impossibility/.lake/build/lib/lean /Users/richardzandi/.elan/toolchains/leanprover--lean4---v4.20.0/bin/lean /Users/richardzandi/Impossibility/Impossibility/PZI/PZIEvolution.lean -R /Users/richardzandi/Impossibility -o /Users/richardzandi/Impossibility/.lake/build/lib/lean/Impossibility/PZI/PZIEvolution.olean -i /Users/richardzandi/Impossibility/.lake/build/lib/lean/Impossibility/PZI/PZIEvolution.ilean -c /Users/richardzandi/Impossibility/.lake/build/ir/Impossibility/PZI/PZIEvolution.c --json",
   "level": "trace"}],
 "inputs":
 [["Impossibility.PZI.PZIEvolution:deps",
   [["deps",
     [["Impossibility/Impossibility:extraDep",
       [["@Impossibility:extraDep", "1723"]]],
      ["import oleans",
       [["Impossibility.Evolution:olean",
         [["Impossibility.Evolution:deps", "16890476474767042354"],
          ["/Users/richardzandi/Impossibility/.lake/build/lib/lean/Impossibility/Evolution.olean",
           "5793157259125889179"]]],
        ["Godelnumbering.Transport:olean",
         [["Godelnumbering.Transport:deps", "11182129775702798284"],
          ["/Users/richardzandi/Impossibility/.lake/packages/godelnumbering/.lake/build/lib/lean/Godelnumbering/Transport.olean",
           "1195076510649732858"]]],
        ["Mathlib.Computability.PartrecCode:olean",
         [["Mathlib.Computability.PartrecCode:deps", "896383515981907075"],
          ["/Users/richardzandi/Impossibility/.lake/packages/mathlib/.lake/build/lib/lean/Mathlib/Computability/PartrecCode.olean",
           "7766753750473371895"]]],
        ["Mathlib.Data.Part:olean",
         [["Mathlib.Data.Part:deps", "16822641950211643996"],
          ["/Users/richardzandi/Impossibility/.lake/packages/mathlib/.lake/build/lib/lean/Mathlib/Data/Part.olean",
           "9193496371961511562"]]]]]]],
    ["libs",
     [["import dynlibs", "1723"],
      ["package external libraries", "1723"],
      ["module dynlibs", "1723"],
      ["module plugins", "1723"]]]]],
  ["Lean 4.20.0, commit 77cfc4d1a4f6ef6651792b781eaa6676b4f3f060",
   "16311077432335102250"],
  ["Module.leanArgs: #[]", "1723"],
  ["/Users/richardzandi/Impossibility/Impossibility/PZI/PZIEvolution.lean",
   "39475085653916313"]],
 "depHash": "7645623427190436912"}