{"log":
 [{"message":
   ".> LEAN_PATH=/Users/richardzandi/Impossibility/.lake/packages/Cli/.lake/build/lib/lean:/Users/richardzandi/Impossibility/.lake/packages/batteries/.lake/build/lib/lean:/Users/richardzandi/Impossibility/.lake/packages/Qq/.lake/build/lib/lean:/Users/richardzandi/Impossibility/.lake/packages/aesop/.lake/build/lib/lean:/Users/richardzandi/Impossibility/.lake/packages/proofwidgets/.lake/build/lib/lean:/Users/richardzandi/Impossibility/.lake/packages/importGraph/.lake/build/lib/lean:/Users/richardzandi/Impossibility/.lake/packages/LeanSearchClient/.lake/build/lib/lean:/Users/richardzandi/Impossibility/.lake/packages/plausible/.lake/build/lib/lean:/Users/richardzandi/Impossibility/.lake/packages/mathlib/.lake/build/lib/lean:/Users/richardzandi/Impossibility/.lake/packages/godelnumbering/.lake/build/lib/lean:/Users/richardzandi/Impossibility/.lake/packages/Kleene2/.lake/build/lib/lean:/Users/richardzandi/Impossibility/.lake/build/lib/lean /Users/richardzandi/.elan/toolchains/leanprover--lean4---v4.20.0/bin/lean /Users/richardzandi/Impossibility/Impossibility/PZI/PZIUCI.lean -R /Users/richardzandi/Impossibility -o /Users/richardzandi/Impossibility/.lake/build/lib/lean/Impossibility/PZI/PZIUCI.olean -i /Users/richardzandi/Impossibility/.lake/build/lib/lean/Impossibility/PZI/PZIUCI.ilean -c /Users/richardzandi/Impossibility/.lake/build/ir/Impossibility/PZI/PZIUCI.c --json",
   "level": "trace"}],
 "inputs":
 [["Impossibility.PZI.PZIUCI:deps",
   [["deps",
     [["Impossibility/Impossibility:extraDep",
       [["@Impossibility:extraDep", "1723"]]],
      ["import oleans",
       [["Mathlib.Computability.Primrec:olean",
         [["Mathlib.Computability.Primrec:deps", "15005026726680477970"],
          ["/Users/richardzandi/Impossibility/.lake/packages/mathlib/.lake/build/lib/lean/Mathlib/Computability/Primrec.olean",
           "3549641494788880141"]]],
        ["Mathlib.Computability.PartrecCode:olean",
         [["Mathlib.Computability.PartrecCode:deps", "11606261439754175653"],
          ["/Users/richardzandi/Impossibility/.lake/packages/mathlib/.lake/build/lib/lean/Mathlib/Computability/PartrecCode.olean",
           "14567505937562371066"]]],
        ["Mathlib.Data.Bool.Basic:olean",
         [["Mathlib.Data.Bool.Basic:deps", "705030180648738486"],
          ["/Users/richardzandi/Impossibility/.lake/packages/mathlib/.lake/build/lib/lean/Mathlib/Data/Bool/Basic.olean",
           "8605534428697544352"]]],
        ["Godelnumbering.Godel:olean",
         [["Godelnumbering.Godel:deps", "8170280542398045373"],
          ["/Users/richardzandi/Impossibility/.lake/packages/godelnumbering/.lake/build/lib/lean/Godelnumbering/Godel.olean",
           "7728924750064277451"]]],
        ["Godelnumbering.Instances:olean",
         [["Godelnumbering.Instances:deps", "6370329768242327016"],
          ["/Users/richardzandi/Impossibility/.lake/packages/godelnumbering/.lake/build/lib/lean/Godelnumbering/Instances.olean",
           "5243175195808167372"]]],
        ["Impossibility.Evolution:olean",
         [["Impossibility.Evolution:deps", "13775036624050319551"],
          ["/Users/richardzandi/Impossibility/.lake/build/lib/lean/Impossibility/Evolution.olean",
           "5793157259125889179"]]],
        ["Impossibility.PZI.PZIEvolution:olean",
         [["Impossibility.PZI.PZIEvolution:deps", "6826956082744610294"],
          ["/Users/richardzandi/Impossibility/.lake/build/lib/lean/Impossibility/PZI/PZIEvolution.olean",
           "16648437958779664970"]]],
        ["Impossibility.UCICoreTest:olean",
         [["Impossibility.UCICoreTest:deps", "15339495726177669244"],
          ["/Users/richardzandi/Impossibility/.lake/build/lib/lean/Impossibility/UCICoreTest.olean",
           "4567674459377586587"]]],
        ["Kleene2.KleeneFix:olean",
         [["Kleene2.KleeneFix:deps", "2093117061109296486"],
          ["/Users/richardzandi/Impossibility/.lake/packages/Kleene2/.lake/build/lib/lean/Kleene2/KleeneFix.olean",
           "10223511334262028492"]]],
        ["Godelnumbering.Transport:olean",
         [["Godelnumbering.Transport:deps", "2261694630007049426"],
          ["/Users/richardzandi/Impossibility/.lake/packages/godelnumbering/.lake/build/lib/lean/Godelnumbering/Transport.olean",
           "1195076510649732858"]]]]]]],
    ["libs",
     [["import dynlibs", "1723"],
      ["package external libraries", "1723"],
      ["module dynlibs", "1723"],
      ["module plugins", "1723"]]]]],
  ["Lean 4.20.0, commit 77cfc4d1a4f6ef6651792b781eaa6676b4f3f060",
   "16311077432335102250"],
  ["Module.leanArgs: #[]", "1723"],
  ["/Users/richardzandi/Impossibility/Impossibility/PZI/PZIUCI.lean",
   "9571356940855536101"]],
 "depHash": "14794163673359851525"}