{"log":
 [{"message":
   ".> LEAN_PATH=/Users/richardzandi/Impossibility/.lake/packages/Cli/.lake/build/lib/lean:/Users/richardzandi/Impossibility/.lake/packages/batteries/.lake/build/lib/lean:/Users/richardzandi/Impossibility/.lake/packages/Qq/.lake/build/lib/lean:/Users/richardzandi/Impossibility/.lake/packages/aesop/.lake/build/lib/lean:/Users/richardzandi/Impossibility/.lake/packages/proofwidgets/.lake/build/lib/lean:/Users/richardzandi/Impossibility/.lake/packages/importGraph/.lake/build/lib/lean:/Users/richardzandi/Impossibility/.lake/packages/LeanSearchClient/.lake/build/lib/lean:/Users/richardzandi/Impossibility/.lake/packages/plausible/.lake/build/lib/lean:/Users/richardzandi/Impossibility/.lake/packages/mathlib/.lake/build/lib/lean:/Users/richardzandi/Impossibility/.lake/packages/godelnumbering/.lake/build/lib/lean:/Users/richardzandi/Impossibility/.lake/packages/Kleene2/.lake/build/lib/lean:/Users/richardzandi/Impossibility/.lake/build/lib/lean /Users/richardzandi/.elan/toolchains/leanprover--lean4---v4.20.0/bin/lean /Users/richardzandi/Impossibility/Impossibility/Halting/HaltingUCI.lean -R /Users/richardzandi/Impossibility -o /Users/richardzandi/Impossibility/.lake/build/lib/lean/Impossibility/Halting/HaltingUCI.olean -i /Users/richardzandi/Impossibility/.lake/build/lib/lean/Impossibility/Halting/HaltingUCI.ilean -c /Users/richardzandi/Impossibility/.lake/build/ir/Impossibility/Halting/HaltingUCI.c --json",
   "level": "trace"},
  {"message":
   "/Users/richardzandi/Impossibility/Impossibility/Halting/HaltingUCI.lean:141:4: try 'simp' instead of 'simpa'\nnote: this linter can be disabled with `set_option linter.unnecessarySimpa false`",
   "level": "warning"},
  {"message":
   "/Users/richardzandi/Impossibility/Impossibility/Halting/HaltingUCI.lean:150:45: try 'simp' instead of 'simpa'\nnote: this linter can be disabled with `set_option linter.unnecessarySimpa false`",
   "level": "warning"},
  {"message":
   "/Users/richardzandi/Impossibility/Impossibility/Halting/HaltingUCI.lean:153:8: try 'simp' instead of 'simpa'\nnote: this linter can be disabled with `set_option linter.unnecessarySimpa false`",
   "level": "warning"},
  {"message":
   "/Users/richardzandi/Impossibility/Impossibility/Halting/HaltingUCI.lean:163:45: try 'simp' instead of 'simpa'\nnote: this linter can be disabled with `set_option linter.unnecessarySimpa false`",
   "level": "warning"},
  {"message":
   "/Users/richardzandi/Impossibility/Impossibility/Halting/HaltingUCI.lean:165:8: try 'simp' instead of 'simpa'\nnote: this linter can be disabled with `set_option linter.unnecessarySimpa false`",
   "level": "warning"},
  {"message":
   "/Users/richardzandi/Impossibility/Impossibility/Halting/HaltingUCI.lean:167:4: try 'simp' instead of 'simpa'\nnote: this linter can be disabled with `set_option linter.unnecessarySimpa false`",
   "level": "warning"},
  {"message":
   "/Users/richardzandi/Impossibility/Impossibility/Halting/HaltingUCI.lean:189:2: try 'simp' instead of 'simpa'\nnote: this linter can be disabled with `set_option linter.unnecessarySimpa false`",
   "level": "warning"},
  {"message":
   "/Users/richardzandi/Impossibility/Impossibility/Halting/HaltingUCI.lean:215:2: try 'simp' instead of 'simpa'\nnote: this linter can be disabled with `set_option linter.unnecessarySimpa false`",
   "level": "warning"},
  {"message":
   "/Users/richardzandi/Impossibility/Impossibility/Halting/HaltingUCI.lean:245:13: try 'simp' instead of 'simpa'\nnote: this linter can be disabled with `set_option linter.unnecessarySimpa false`",
   "level": "warning"}],
 "inputs":
 [["Impossibility.Halting.HaltingUCI:deps",
   [["deps",
     [["Impossibility/Impossibility:extraDep",
       [["@Impossibility:extraDep", "1723"]]],
      ["import oleans",
       [["Mathlib.Computability.Primrec:olean",
         [["Mathlib.Computability.Primrec:deps", "15005026726680477970"],
          ["/Users/richardzandi/Impossibility/.lake/packages/mathlib/.lake/build/lib/lean/Mathlib/Computability/Primrec.olean",
           "3549641494788880141"]]],
        ["Mathlib.Computability.PartrecCode:olean",
         [["Mathlib.Computability.PartrecCode:deps", "11606261439754175653"],
          ["/Users/richardzandi/Impossibility/.lake/packages/mathlib/.lake/build/lib/lean/Mathlib/Computability/PartrecCode.olean",
           "14567505937562371066"]]],
        ["Mathlib.Data.Bool.Basic:olean",
         [["Mathlib.Data.Bool.Basic:deps", "705030180648738486"],
          ["/Users/richardzandi/Impossibility/.lake/packages/mathlib/.lake/build/lib/lean/Mathlib/Data/Bool/Basic.olean",
           "8605534428697544352"]]],
        ["Mathlib.Computability.TuringMachine:olean",
         [["Mathlib.Computability.TuringMachine:deps", "14337182541302098945"],
          ["/Users/richardzandi/Impossibility/.lake/packages/mathlib/.lake/build/lib/lean/Mathlib/Computability/TuringMachine.olean",
           "11389200416704899441"]]],
        ["Godelnumbering.Godel:olean",
         [["Godelnumbering.Godel:deps", "8170280542398045373"],
          ["/Users/richardzandi/Impossibility/.lake/packages/godelnumbering/.lake/build/lib/lean/Godelnumbering/Godel.olean",
           "7728924750064277451"]]],
        ["Godelnumbering.Instances:olean",
         [["Godelnumbering.Instances:deps", "6370329768242327016"],
          ["/Users/richardzandi/Impossibility/.lake/packages/godelnumbering/.lake/build/lib/lean/Godelnumbering/Instances.olean",
           "5243175195808167372"]]],
        ["Impossibility.Evolution:olean",
         [["Impossibility.Evolution:deps", "13775036624050319551"],
          ["/Users/richardzandi/Impossibility/.lake/build/lib/lean/Impossibility/Evolution.olean",
           "5793157259125889179"]]],
        ["Impossibility.Halting.HaltingEvolution:olean",
         [["Impossibility.Halting.HaltingEvolution:deps",
           "6826956082744610294"],
          ["/Users/richardzandi/Impossibility/.lake/build/lib/lean/Impossibility/Halting/HaltingEvolution.olean",
           "14062375284621907889"]]],
        ["Impossibility.UCICoreTest:olean",
         [["Impossibility.UCICoreTest:deps", "15339495726177669244"],
          ["/Users/richardzandi/Impossibility/.lake/build/lib/lean/Impossibility/UCICoreTest.olean",
           "4567674459377586587"]]],
        ["Kleene2.KleeneFix:olean",
         [["Kleene2.KleeneFix:deps", "2093117061109296486"],
          ["/Users/richardzandi/Impossibility/.lake/packages/Kleene2/.lake/build/lib/lean/Kleene2/KleeneFix.olean",
           "10223511334262028492"]]],
        ["Godelnumbering.Transport:olean",
         [["Godelnumbering.Transport:deps", "2261694630007049426"],
          ["/Users/richardzandi/Impossibility/.lake/packages/godelnumbering/.lake/build/lib/lean/Godelnumbering/Transport.olean",
           "1195076510649732858"]]]]]]],
    ["libs",
     [["import dynlibs", "1723"],
      ["package external libraries", "1723"],
      ["module dynlibs", "1723"],
      ["module plugins", "1723"]]]]],
  ["Lean 4.20.0, commit 77cfc4d1a4f6ef6651792b781eaa6676b4f3f060",
   "16311077432335102250"],
  ["Module.leanArgs: #[]", "1723"],
  ["/Users/richardzandi/Impossibility/Impossibility/Halting/HaltingUCI.lean",
   "1100004902346031130"]],
 "depHash": "2355726265822565472"}